{"/Users/michaelduckworth/Documents/HR/sdc/overview-api/config.js": {"path":"/Users/michaelduckworth/Documents/HR/sdc/overview-api/config.js","statementMap":{"0":{"start":{"line":1,"column":0},"end":{"line":5,"column":1}}},"fnMap":{},"branchMap":{},"s":{"0":4},"f":{},"b":{},"_coverageSchema":"1a1c01bbd47fc00a2c39e90264f33305004495a9","hash":"db38e9455dc24bb21ed48d082a4a2c93dd8eba6c"}
,"/Users/michaelduckworth/Documents/HR/sdc/overview-api/postgres/index.js": {"path":"/Users/michaelduckworth/Documents/HR/sdc/overview-api/postgres/index.js","statementMap":{"0":{"start":{"line":1,"column":25},"end":{"line":1,"column":38}},"1":{"start":{"line":2,"column":16},"end":{"line":2,"column":35}},"2":{"start":{"line":3,"column":15},"end":{"line":3,"column":38}},"3":{"start":{"line":5,"column":13},"end":{"line":10,"column":2}},"4":{"start":{"line":12,"column":0},"end":{"line":12,"column":110}},"5":{"start":{"line":12,"column":41},"end":{"line":12,"column":109}},"6":{"start":{"line":14,"column":0},"end":{"line":24,"column":2}},"7":{"start":{"line":15,"column":2},"end":{"line":23,"column":7}},"8":{"start":{"line":17,"column":6},"end":{"line":22,"column":10}},"9":{"start":{"line":19,"column":24},"end":{"line":19,"column":39}},"10":{"start":{"line":20,"column":10},"end":{"line":20,"column":42}},"11":{"start":{"line":21,"column":10},"end":{"line":21,"column":25}},"12":{"start":{"line":26,"column":0},"end":{"line":39,"column":2}},"13":{"start":{"line":29,"column":14},"end":{"line":36,"column":30}},"14":{"start":{"line":38,"column":2},"end":{"line":38,"column":27}},"15":{"start":{"line":41,"column":0},"end":{"line":41,"column":115}},"16":{"start":{"line":41,"column":31},"end":{"line":41,"column":114}}},"fnMap":{"0":{"name":"(anonymous_0)","decl":{"start":{"line":12,"column":22},"end":{"line":12,"column":23}},"loc":{"start":{"line":12,"column":41},"end":{"line":12,"column":109}},"line":12},"1":{"name":"(anonymous_1)","decl":{"start":{"line":14,"column":22},"end":{"line":14,"column":23}},"loc":{"start":{"line":14,"column":28},"end":{"line":24,"column":1}},"line":14},"2":{"name":"(anonymous_2)","decl":{"start":{"line":16,"column":10},"end":{"line":16,"column":11}},"loc":{"start":{"line":16,"column":21},"end":{"line":23,"column":5}},"line":16},"3":{"name":"(anonymous_3)","decl":{"start":{"line":18,"column":14},"end":{"line":18,"column":15}},"loc":{"start":{"line":18,"column":25},"end":{"line":22,"column":9}},"line":18},"4":{"name":"(anonymous_4)","decl":{"start":{"line":26,"column":24},"end":{"line":26,"column":25}},"loc":{"start":{"line":26,"column":30},"end":{"line":39,"column":1}},"line":26},"5":{"name":"(anonymous_5)","decl":{"start":{"line":41,"column":25},"end":{"line":41,"column":26}},"loc":{"start":{"line":41,"column":31},"end":{"line":41,"column":114}},"line":41}},"branchMap":{},"s":{"0":4,"1":4,"2":4,"3":4,"4":4,"5":2,"6":4,"7":2,"8":2,"9":2,"10":2,"11":1,"12":4,"13":1,"14":1,"15":4,"16":2},"f":{"0":2,"1":2,"2":2,"3":2,"4":1,"5":2},"b":{},"_coverageSchema":"1a1c01bbd47fc00a2c39e90264f33305004495a9","hash":"677c78cfaafdf5222666d35149fe13fa5ae556de"}
,"/Users/michaelduckworth/Documents/HR/sdc/overview-api/server/app.js": {"path":"/Users/michaelduckworth/Documents/HR/sdc/overview-api/server/app.js","statementMap":{"0":{"start":{"line":1,"column":16},"end":{"line":1,"column":34}},"1":{"start":{"line":2,"column":19},"end":{"line":2,"column":41}},"2":{"start":{"line":3,"column":10},"end":{"line":3,"column":27}},"3":{"start":{"line":4,"column":11},"end":{"line":4,"column":39}},"4":{"start":{"line":6,"column":12},"end":{"line":6,"column":21}},"5":{"start":{"line":8,"column":0},"end":{"line":8,"column":26}},"6":{"start":{"line":9,"column":0},"end":{"line":9,"column":51}},"7":{"start":{"line":12,"column":0},"end":{"line":31,"column":2}},"8":{"start":{"line":15,"column":15},"end":{"line":15,"column":44}},"9":{"start":{"line":16,"column":2},"end":{"line":29,"column":3}},"10":{"start":{"line":17,"column":4},"end":{"line":17,"column":30}},"11":{"start":{"line":21,"column":15},"end":{"line":21,"column":50}},"12":{"start":{"line":22,"column":16},"end":{"line":22,"column":53}},"13":{"start":{"line":23,"column":17},"end":{"line":23,"column":35}},"14":{"start":{"line":26,"column":4},"end":{"line":28,"column":47}},"15":{"start":{"line":27,"column":23},"end":{"line":27,"column":57}},"16":{"start":{"line":28,"column":20},"end":{"line":28,"column":45}},"17":{"start":{"line":34,"column":0},"end":{"line":39,"column":4}},"18":{"start":{"line":36,"column":2},"end":{"line":38,"column":45}},"19":{"start":{"line":37,"column":20},"end":{"line":37,"column":48}},"20":{"start":{"line":38,"column":18},"end":{"line":38,"column":43}},"21":{"start":{"line":42,"column":0},"end":{"line":68,"column":2}},"22":{"start":{"line":44,"column":2},"end":{"line":67,"column":45}},"23":{"start":{"line":47,"column":20},"end":{"line":47,"column":31}},"24":{"start":{"line":48,"column":6},"end":{"line":63,"column":7}},"25":{"start":{"line":48,"column":19},"end":{"line":48,"column":20}},"26":{"start":{"line":50,"column":27},"end":{"line":50,"column":72}},"27":{"start":{"line":50,"column":62},"end":{"line":50,"column":71}},"28":{"start":{"line":51,"column":8},"end":{"line":54,"column":9}},"29":{"start":{"line":51,"column":21},"end":{"line":51,"column":22}},"30":{"start":{"line":52,"column":10},"end":{"line":52,"column":39}},"31":{"start":{"line":53,"column":10},"end":{"line":53,"column":44}},"32":{"start":{"line":55,"column":8},"end":{"line":55,"column":41}},"33":{"start":{"line":57,"column":25},"end":{"line":57,"column":68}},"34":{"start":{"line":57,"column":58},"end":{"line":57,"column":67}},"35":{"start":{"line":58,"column":19},"end":{"line":58,"column":21}},"36":{"start":{"line":59,"column":8},"end":{"line":61,"column":9}},"37":{"start":{"line":59,"column":21},"end":{"line":59,"column":22}},"38":{"start":{"line":60,"column":10},"end":{"line":60,"column":79}},"39":{"start":{"line":62,"column":8},"end":{"line":62,"column":31}},"40":{"start":{"line":64,"column":6},"end":{"line":64,"column":21}},"41":{"start":{"line":66,"column":21},"end":{"line":66,"column":50}},"42":{"start":{"line":67,"column":18},"end":{"line":67,"column":43}},"43":{"start":{"line":71,"column":0},"end":{"line":77,"column":2}},"44":{"start":{"line":73,"column":2},"end":{"line":75,"column":43}},"45":{"start":{"line":74,"column":18},"end":{"line":74,"column":80}},"46":{"start":{"line":75,"column":16},"end":{"line":75,"column":41}},"47":{"start":{"line":79,"column":0},"end":{"line":79,"column":21}}},"fnMap":{"0":{"name":"(anonymous_0)","decl":{"start":{"line":12,"column":21},"end":{"line":12,"column":22}},"loc":{"start":{"line":12,"column":35},"end":{"line":31,"column":1}},"line":12},"1":{"name":"(anonymous_1)","decl":{"start":{"line":27,"column":12},"end":{"line":27,"column":13}},"loc":{"start":{"line":27,"column":23},"end":{"line":27,"column":57}},"line":27},"2":{"name":"(anonymous_2)","decl":{"start":{"line":28,"column":13},"end":{"line":28,"column":14}},"loc":{"start":{"line":28,"column":20},"end":{"line":28,"column":45}},"line":28},"3":{"name":"(anonymous_3)","decl":{"start":{"line":34,"column":33},"end":{"line":34,"column":34}},"loc":{"start":{"line":34,"column":47},"end":{"line":39,"column":3}},"line":34},"4":{"name":"(anonymous_4)","decl":{"start":{"line":37,"column":10},"end":{"line":37,"column":11}},"loc":{"start":{"line":37,"column":20},"end":{"line":37,"column":48}},"line":37},"5":{"name":"(anonymous_5)","decl":{"start":{"line":38,"column":11},"end":{"line":38,"column":12}},"loc":{"start":{"line":38,"column":18},"end":{"line":38,"column":43}},"line":38},"6":{"name":"(anonymous_6)","decl":{"start":{"line":42,"column":40},"end":{"line":42,"column":41}},"loc":{"start":{"line":42,"column":54},"end":{"line":68,"column":1}},"line":42},"7":{"name":"(anonymous_7)","decl":{"start":{"line":45,"column":10},"end":{"line":45,"column":11}},"loc":{"start":{"line":45,"column":20},"end":{"line":65,"column":5}},"line":45},"8":{"name":"(anonymous_8)","decl":{"start":{"line":50,"column":55},"end":{"line":50,"column":56}},"loc":{"start":{"line":50,"column":62},"end":{"line":50,"column":71}},"line":50},"9":{"name":"(anonymous_9)","decl":{"start":{"line":57,"column":51},"end":{"line":57,"column":52}},"loc":{"start":{"line":57,"column":58},"end":{"line":57,"column":67}},"line":57},"10":{"name":"(anonymous_10)","decl":{"start":{"line":66,"column":10},"end":{"line":66,"column":11}},"loc":{"start":{"line":66,"column":21},"end":{"line":66,"column":50}},"line":66},"11":{"name":"(anonymous_11)","decl":{"start":{"line":67,"column":11},"end":{"line":67,"column":12}},"loc":{"start":{"line":67,"column":18},"end":{"line":67,"column":43}},"line":67},"12":{"name":"(anonymous_12)","decl":{"start":{"line":71,"column":41},"end":{"line":71,"column":42}},"loc":{"start":{"line":71,"column":55},"end":{"line":77,"column":1}},"line":71},"13":{"name":"(anonymous_13)","decl":{"start":{"line":74,"column":8},"end":{"line":74,"column":9}},"loc":{"start":{"line":74,"column":18},"end":{"line":74,"column":80}},"line":74},"14":{"name":"(anonymous_14)","decl":{"start":{"line":75,"column":9},"end":{"line":75,"column":10}},"loc":{"start":{"line":75,"column":16},"end":{"line":75,"column":41}},"line":75}},"branchMap":{"0":{"loc":{"start":{"line":16,"column":2},"end":{"line":29,"column":3}},"type":"if","locations":[{"start":{"line":16,"column":2},"end":{"line":29,"column":3}},{"start":{"line":16,"column":2},"end":{"line":29,"column":3}}],"line":16},"1":{"loc":{"start":{"line":16,"column":6},"end":{"line":16,"column":74}},"type":"binary-expr","locations":[{"start":{"line":16,"column":6},"end":{"line":16,"column":23}},{"start":{"line":16,"column":28},"end":{"line":16,"column":49}},{"start":{"line":16,"column":53},"end":{"line":16,"column":73}}],"line":16},"2":{"loc":{"start":{"line":21,"column":15},"end":{"line":21,"column":50}},"type":"cond-expr","locations":[{"start":{"line":21,"column":32},"end":{"line":21,"column":46}},{"start":{"line":21,"column":49},"end":{"line":21,"column":50}}],"line":21},"3":{"loc":{"start":{"line":22,"column":16},"end":{"line":22,"column":53}},"type":"cond-expr","locations":[{"start":{"line":22,"column":34},"end":{"line":22,"column":49}},{"start":{"line":22,"column":52},"end":{"line":22,"column":53}}],"line":22}},"s":{"0":4,"1":4,"2":4,"3":4,"4":4,"5":4,"6":4,"7":4,"8":3,"9":3,"10":1,"11":2,"12":2,"13":2,"14":2,"15":2,"16":0,"17":4,"18":2,"19":1,"20":1,"21":4,"22":1,"23":1,"24":1,"25":1,"26":0,"27":0,"28":0,"29":0,"30":0,"31":0,"32":0,"33":0,"34":0,"35":0,"36":0,"37":0,"38":0,"39":0,"40":1,"41":1,"42":0,"43":4,"44":2,"45":2,"46":0,"47":4},"f":{"0":3,"1":2,"2":0,"3":2,"4":1,"5":1,"6":1,"7":1,"8":0,"9":0,"10":1,"11":0,"12":2,"13":2,"14":0},"b":{"0":[1,2],"1":[3,2,2],"2":[1,1],"3":[1,1]},"_coverageSchema":"1a1c01bbd47fc00a2c39e90264f33305004495a9","hash":"64bd1a6dd62b49522b926a5ddb80749776327121"}
}
