TN:
SF:config.js
FNF:0
FNH:0
DA:1,2
LF:1
LH:1
BRF:0
BRH:0
end_of_record
TN:
SF:postgres/index.js
FN:22,(anonymous_0)
FN:24,(anonymous_1)
FN:26,(anonymous_2)
FN:28,(anonymous_3)
FN:30,(anonymous_4)
FN:41,(anonymous_5)
FNF:6
FNH:4
FNDA:0,(anonymous_0)
FNDA:2,(anonymous_1)
FNDA:1,(anonymous_2)
FNDA:1,(anonymous_3)
FNDA:1,(anonymous_4)
FNDA:0,(anonymous_5)
DA:1,2
DA:2,2
DA:10,2
DA:20,2
DA:22,2
DA:24,2
DA:26,2
DA:27,1
DA:29,1
DA:33,1
DA:34,1
DA:35,1
DA:36,1
DA:41,2
DA:44,2
DA:45,2
DA:46,2
DA:47,2
LF:18
LH:18
BRF:0
BRH:0
end_of_record
TN:
SF:server/app.js
FN:22,(anonymous_0)
FN:38,(anonymous_1)
FN:39,(anonymous_2)
FN:45,(anonymous_3)
FN:48,(anonymous_4)
FN:49,(anonymous_5)
FN:53,(anonymous_6)
FN:64,(anonymous_7)
FN:67,(anonymous_8)
FN:68,(anonymous_9)
FNF:10
FNH:4
FNDA:3,(anonymous_0)
FNDA:2,(anonymous_1)
FNDA:0,(anonymous_2)
FNDA:1,(anonymous_3)
FNDA:1,(anonymous_4)
FNDA:0,(anonymous_5)
FNDA:0,(anonymous_6)
FNDA:0,(anonymous_7)
FNDA:0,(anonymous_8)
FNDA:0,(anonymous_9)
DA:1,2
DA:2,2
DA:3,2
DA:4,2
DA:6,2
DA:8,2
DA:9,2
DA:22,2
DA:25,3
DA:26,3
DA:27,1
DA:31,2
DA:32,2
DA:34,2
DA:37,2
DA:38,2
DA:39,0
DA:45,2
DA:47,1
DA:48,1
DA:49,0
DA:53,2
DA:60,0
DA:64,2
DA:66,0
DA:67,0
DA:68,0
DA:72,2
LF:28
LH:22
BRDA:26,0,0,1
BRDA:26,0,1,2
BRDA:26,1,0,3
BRDA:26,1,1,2
BRDA:26,1,2,2
BRDA:31,2,0,1
BRDA:31,2,1,1
BRDA:32,3,0,1
BRDA:32,3,1,1
BRF:9
BRH:9
end_of_record
