TN:
SF:config.js
FNF:0
FNH:0
DA:1,3
LF:1
LH:1
BRF:0
BRH:0
end_of_record
TN:
SF:postgres/index.js
FN:12,(anonymous_0)
FN:14,(anonymous_1)
FN:16,(anonymous_2)
FN:18,(anonymous_3)
FN:26,(anonymous_4)
FN:61,(anonymous_5)
FNF:6
FNH:5
FNDA:2,(anonymous_0)
FNDA:1,(anonymous_1)
FNDA:1,(anonymous_2)
FNDA:1,(anonymous_3)
FNDA:0,(anonymous_4)
FNDA:1,(anonymous_5)
DA:1,3
DA:2,3
DA:3,3
DA:5,3
DA:12,3
DA:14,3
DA:15,1
DA:17,1
DA:19,1
DA:20,1
DA:21,1
DA:26,3
DA:28,0
DA:34,0
DA:61,3
LF:15
LH:13
BRF:0
BRH:0
end_of_record
TN:
SF:server/app.js
FN:12,(anonymous_0)
FN:28,(anonymous_1)
FN:29,(anonymous_2)
FN:35,(anonymous_3)
FN:38,(anonymous_4)
FN:39,(anonymous_5)
FN:43,(anonymous_6)
FN:51,(anonymous_7)
FN:52,(anonymous_8)
FN:56,(anonymous_9)
FN:59,(anonymous_10)
FN:60,(anonymous_11)
FNF:12
FNH:6
FNDA:3,(anonymous_0)
FNDA:2,(anonymous_1)
FNDA:0,(anonymous_2)
FNDA:1,(anonymous_3)
FNDA:1,(anonymous_4)
FNDA:0,(anonymous_5)
FNDA:0,(anonymous_6)
FNDA:0,(anonymous_7)
FNDA:0,(anonymous_8)
FNDA:1,(anonymous_9)
FNDA:1,(anonymous_10)
FNDA:0,(anonymous_11)
DA:1,3
DA:2,3
DA:3,3
DA:4,3
DA:6,3
DA:8,3
DA:9,3
DA:12,3
DA:15,3
DA:16,3
DA:17,1
DA:21,2
DA:22,2
DA:24,2
DA:27,2
DA:28,2
DA:29,0
DA:35,3
DA:37,1
DA:38,1
DA:39,0
DA:43,3
DA:50,0
DA:51,0
DA:52,0
DA:56,3
DA:58,1
DA:59,1
DA:60,0
DA:64,3
LF:30
LH:24
BRDA:16,0,0,1
BRDA:16,0,1,2
BRDA:16,1,0,3
BRDA:16,1,1,2
BRDA:16,1,2,2
BRDA:21,2,0,1
BRDA:21,2,1,1
BRDA:22,3,0,1
BRDA:22,3,1,1
BRF:9
BRH:9
end_of_record
